Printing students by name
Abore          98.33          
Ace            86.00          
AceAgain       81.67          
AceMcFace      74.00          
Airborn        96.33          
Boyanze        78.33          
Bozo           67.67          
Brown          83.33          
ByPass         66.67          
Climintime     60.00          
Cooldaddy      95.00          
Crackley       61.33          
Hunter         95.33          
Icmoto         87.00          
Ikantwait      57.67          
Jabbo          55.33          
Jayman         58.00          
Jedatkins      87.67          
Kidkitty       62.33          
Knocktosee     97.00          
Lewis          92.00          
Lion           64.00          
Mack           88.33          
Mark           92.00          
Marki          68.33          
Marshall       92.33          
Monnazuma      79.67          
Moto           54.00          
Notquityet     100.00         
Oevey          76.67          
Passby         91.67          
Reynolds       94.00          
Runs           83.33          
See            84.33          
Sid            98.00          
Sidcar         98.33          
Sidcarson      96.67          
Sobeit         89.00          
Taylor         95.67          
Thomas         65.67          
Thompson       96.00          
ToSha          94.33          
Tony           66.00          
Tophinish      97.67          
Upupaway       68.33          
Vey            95.33          
Vicki          66.33          
WayOut         59.67          
Wayoutyonder   94.00          
Zieneth        83.33          

Printing students by grade
Notquityet     100.00         
Sidcar         98.33          
Abore          98.33          
Sid            98.00          
Tophinish      97.67          
Knocktosee     97.00          
Sidcarson      96.67          
Airborn        96.33          
Thompson       96.00          
Taylor         95.67          
Vey            95.33          
Hunter         95.33          
Cooldaddy      95.00          
ToSha          94.33          
Reynolds       94.00          
Wayoutyonder   94.00          
Marshall       92.33          
Lewis          92.00          
Mark           92.00          
Passby         91.67          
Sobeit         89.00          
Mack           88.33          
Jedatkins      87.67          
Icmoto         87.00          
Ace            86.00          
See            84.33          
Brown          83.33          
Zieneth        83.33          
Runs           83.33          
AceAgain       81.67          
Monnazuma      79.67          
Boyanze        78.33          
Oevey          76.67          
AceMcFace      74.00          
Upupaway       68.33          
Marki          68.33          
Bozo           67.67          
ByPass         66.67          
Vicki          66.33          
Tony           66.00          
Thomas         65.67          
Lion           64.00          
Kidkitty       62.33          
Crackley       61.33          
Climintime     60.00          
WayOut         59.67          
Jayman         58.00          
Ikantwait      57.67          
Jabbo          55.33          
Moto           54.00          

Printing A students only by grade
Notquityet     100.00         
Sidcar         98.33          
Abore          98.33          
Sid            98.00          
Tophinish      97.67          
Knocktosee     97.00          
Sidcarson      96.67          
Airborn        96.33          
Thompson       96.00          
Taylor         95.67          
Vey            95.33          
Hunter         95.33          
Cooldaddy      95.00          
ToSha          94.33          
Reynolds       94.00          
Wayoutyonder   94.00          
Marshall       92.33          
Lewis          92.00          
Mark           92.00          
Passby         91.67          

Printing students by name
Zieneth        83.33          
Wayoutyonder   94.00          
WayOut         59.67          
Vicki          66.33          
Vey            95.33          
Upupaway       68.33          
Tophinish      97.67          
Tony           66.00          
ToSha          94.33          
Thompson       96.00          
Thomas         65.67          
Taylor         95.67          
Sobeit         89.00          
Sidcarson      96.67          
Sidcar         98.33          
Sid            98.00          
See            84.33          
Runs           83.33          
Reynolds       94.00          
Passby         91.67          
Oevey          76.67          
Notquityet     100.00         
Moto           54.00          
Monnazuma      79.67          
Marshall       92.33          
Marki          68.33          
Mark           92.00          
Mack           88.33          
Lion           64.00          
Lewis          92.00          
Knocktosee     97.00          
Kidkitty       62.33          
Jedatkins      87.67          
Jayman         58.00          
Jabbo          55.33          
Ikantwait      57.67          
Icmoto         87.00          
Hunter         95.33          
Crackley       61.33          
Cooldaddy      95.00          
Climintime     60.00          
ByPass         66.67          
Brown          83.33          
Bozo           67.67          
Boyanze        78.33          
Airborn        96.33          
AceMcFace      74.00          
AceAgain       81.67          
Ace            86.00          
Abore          98.33          
