Hoos R. Dadie : 818-3821
Hofstra M. : 601-3225
james wilis thomas : 261-8342
Big Tow : 384-5624
Data Hole
Data Hole
Znot Noz Oozey : 531-4353
Currie W. D. : 701-4281
Tau Jam : 532-6871
Data Hole
Mister Rogers : 924-7221
Morier G. E. : 544-2319
Hewy Lewy Dewy : 623-9921
Data Hole
Smelly Tau : 707-7281
Mighty Mouse : 222-2222
Booger Runs : 822-7724
Trigger Phanger : 421-3435
Data Hole
Data Hole
Data Hole
Data Hole
Man Oh Mann : 313-7422
Data Hole
Data Hole
Chipoff E Oblock : 773-4152
LessGo Eat : 233-1984
SixOne Other : 843-2343
Tobe Ore Knott : 613-2414
Sid MacGriddy : 882-2424
Data Hole
Cray Z. Cyco : 134-7242
G P Morier : 832-4562
Taylor marie : 939-1512
Malioneyh P. J. : 287-4344
Data Hole
Zevent Heaven : 834-2563
Legg T. : 587-2839
Data Hole
E Lec Shaun : 709-7424
Antoney Wenner : 999-3255
TooB OrNot : 283-5214
Hasey Moto : 823-8000
Hauser Yauser : 606-2940
john marshall : 888-2891
mack russell : 123-1234
Twoseeor knocksee : 823-8321
Oe vey : 177-1423
Data Hole
Data Hole
Data Hole
Fanny Pac Jac : 842-3242
stephens reynolds : 696-9231
Data Hole
Data Hole
lea high lee : 266-8324
Data Hole
Sticky Finger McRidder : 829-9853
Juan Legged : 882-6246
Tyson Chicken : 602-3152
Hack N Zakkers : 231-4449
Lewis Michelle Tee : 828-2148
Stone Rock : 544-2372

table size = 45
num data holes = 19
num collisions = 13
Mighty Mouse is in the list
His phone number is 222-2222
removing Mighty Mouse
succesfully removed Mighty Mouse
Now table size is 44
seems the lookup function works right.
