printInOrder
0:s;ldfsdfsdfh;klj	:ADSjfo;iaje;afisje;ojeojoje;feoj;o
2:'ciovmsaeniocl	ds;fofjsdo;fjas;m;cojco;fj3;orje;ojo
4:sldfjisdjeijo;	odjf;aodjc;jeo;jw;ejs;ofjjco;cjoeij
6:j;lkdjfiosdj	c;osjfo;djc;ojeimfoi;ejovijeotnoij
8:s;djsioejck,,;l	iojc;ofje;ojfejw;oijdojfoj;oh
10:sidofejopsijdojj	o;djo;cjfje;ohjot;he;jjc;ojeo
12:;jsdifjsidfiosejoj;l	ocjf;aoeij;ocjohe;oj;oej
14:sdfijsoej;oj	ojdo;jfoosjdiej;asidjsldkfjo
16:osdjfosidj;oj	jdistjocjoewpaoeldowkdcuden
18:sdfjeiojcl;jfseio	do;ckllwieucjdosoeidkoqlwp
20:dicoesljc;lio;	docooekswhekowodkjoueso,
22:soidfjpojc;oijfeoj	jids;jfojs;oejociiedkjsen
24:diojs;oeijf;eoij	niwoqplsioeijgodhjsfh
26:do;jiosdja:AJOijfe;oJEj	aioefj;oej;fosije;fojseon
28::Djosdjf;oej;oej	;doj;jvoieo;sdjofj
30:;dsjfo;dijcoj;eojo	fod;jo;jd;jf;ojeicimf389850
32:s;djOJ:OJDO:jo;j;sodjo;	fp3j089jadj;aosijf09380js;v
34::ODASJfoidjs;eijocjoj	s90fu00392-=[jfa;sdijfo;a8u30u3
36:dosjf;ocij;oijDJ:Oj;o	f;diofjsepoijfo;eij;akjpf3j0jfei;jo3eijf
38:odjs;oJ:OCIJ;oij;oej	o;idjsiofJDO:IFhoweij;fiwaejfo;iwje0f93j
40:odj;OJC:ojs;odjoj	d;jfaios;efjoejfw0j3f903j208u3jjwej;o
42:owejoic;ajw;jo;djck;lfje	jpso0jfoidsjf;oeuhwioejpwothwehksdj
44:dl;jsioejwof;eojo	jdosjfo;ehjofehsehwoe;wjoeipfjhcso
46:df;sajdojc;oej;	AJo;fjoIDJ:Soifjeojwpiowjpfoijao;sdjf;oi;ej
48:d;ofjso;ijd;oejofje;oj	iosdjf;odj;ohcheoiwjoephei
50:eigrbbvopaj;roijejf;jj;	fdiojfos;djf;ajsdfoehweipodhchf38
52:;pdoojco;j'pejwophj	jdohjsfpohepe9jfsoihe;h;cjc80
54:sodfj;dojc030j	d;iojfhsoeieioolldowohoudoeuushhpfeoja;owehj
56:djjfeiespapwke	dofj;eosjf;ohwhiopoujjejwehfaie;je
58:kdowikkclspwij	efo;jfawoe;fhiow230u;jf;ajwih
60:d;jcvo;jdof;aejo	;doijfehiehfpwjfe;wjdh

printPreOrder
0:s;ldfsdfsdfh;klj	:ADSjfo;iaje;afisje;ojeojoje;feoj;o
2:'ciovmsaeniocl	ds;fofjsdo;fjas;m;cojco;fj3;orje;ojo
4:sldfjisdjeijo;	odjf;aodjc;jeo;jw;ejs;ofjjco;cjoeij
6:j;lkdjfiosdj	c;osjfo;djc;ojeimfoi;ejovijeotnoij
8:s;djsioejck,,;l	iojc;ofje;ojfejw;oijdojfoj;oh
10:sidofejopsijdojj	o;djo;cjfje;ohjot;he;jjc;ojeo
12:;jsdifjsidfiosejoj;l	ocjf;aoeij;ocjohe;oj;oej
14:sdfijsoej;oj	ojdo;jfoosjdiej;asidjsldkfjo
16:osdjfosidj;oj	jdistjocjoewpaoeldowkdcuden
18:sdfjeiojcl;jfseio	do;ckllwieucjdosoeidkoqlwp
20:dicoesljc;lio;	docooekswhekowodkjoueso,
22:soidfjpojc;oijfeoj	jids;jfojs;oejociiedkjsen
24:diojs;oeijf;eoij	niwoqplsioeijgodhjsfh
26:do;jiosdja:AJOijfe;oJEj	aioefj;oej;fosije;fojseon
28::Djosdjf;oej;oej	;doj;jvoieo;sdjofj
30:;dsjfo;dijcoj;eojo	fod;jo;jd;jf;ojeicimf389850
32:s;djOJ:OJDO:jo;j;sodjo;	fp3j089jadj;aosijf09380js;v
34::ODASJfoidjs;eijocjoj	s90fu00392-=[jfa;sdijfo;a8u30u3
36:dosjf;ocij;oijDJ:Oj;o	f;diofjsepoijfo;eij;akjpf3j0jfei;jo3eijf
38:odjs;oJ:OCIJ;oij;oej	o;idjsiofJDO:IFhoweij;fiwaejfo;iwje0f93j
40:odj;OJC:ojs;odjoj	d;jfaios;efjoejfw0j3f903j208u3jjwej;o
42:owejoic;ajw;jo;djck;lfje	jpso0jfoidsjf;oeuhwioejpwothwehksdj
44:dl;jsioejwof;eojo	jdosjfo;ehjofehsehwoe;wjoeipfjhcso
46:df;sajdojc;oej;	AJo;fjoIDJ:Soifjeojwpiowjpfoijao;sdjf;oi;ej
48:d;ofjso;ijd;oejofje;oj	iosdjf;odj;ohcheoiwjoephei
50:eigrbbvopaj;roijejf;jj;	fdiojfos;djf;ajsdfoehweipodhchf38
52:;pdoojco;j'pejwophj	jdohjsfpohepe9jfsoihe;h;cjc80
54:sodfj;dojc030j	d;iojfhsoeieioolldowohoudoeuushhpfeoja;owehj
56:djjfeiespapwke	dofj;eosjf;ohwhiopoujjejwehfaie;je
58:kdowikkclspwij	efo;jfawoe;fhiow230u;jf;ajwih
60:d;jcvo;jdof;aejo	;doijfehiehfpwjfe;wjdh

printPostOrder
60:d;jcvo;jdof;aejo	;doijfehiehfpwjfe;wjdh
58:kdowikkclspwij	efo;jfawoe;fhiow230u;jf;ajwih
56:djjfeiespapwke	dofj;eosjf;ohwhiopoujjejwehfaie;je
54:sodfj;dojc030j	d;iojfhsoeieioolldowohoudoeuushhpfeoja;owehj
52:;pdoojco;j'pejwophj	jdohjsfpohepe9jfsoihe;h;cjc80
50:eigrbbvopaj;roijejf;jj;	fdiojfos;djf;ajsdfoehweipodhchf38
48:d;ofjso;ijd;oejofje;oj	iosdjf;odj;ohcheoiwjoephei
46:df;sajdojc;oej;	AJo;fjoIDJ:Soifjeojwpiowjpfoijao;sdjf;oi;ej
44:dl;jsioejwof;eojo	jdosjfo;ehjofehsehwoe;wjoeipfjhcso
42:owejoic;ajw;jo;djck;lfje	jpso0jfoidsjf;oeuhwioejpwothwehksdj
40:odj;OJC:ojs;odjoj	d;jfaios;efjoejfw0j3f903j208u3jjwej;o
38:odjs;oJ:OCIJ;oij;oej	o;idjsiofJDO:IFhoweij;fiwaejfo;iwje0f93j
36:dosjf;ocij;oijDJ:Oj;o	f;diofjsepoijfo;eij;akjpf3j0jfei;jo3eijf
34::ODASJfoidjs;eijocjoj	s90fu00392-=[jfa;sdijfo;a8u30u3
32:s;djOJ:OJDO:jo;j;sodjo;	fp3j089jadj;aosijf09380js;v
30:;dsjfo;dijcoj;eojo	fod;jo;jd;jf;ojeicimf389850
28::Djosdjf;oej;oej	;doj;jvoieo;sdjofj
26:do;jiosdja:AJOijfe;oJEj	aioefj;oej;fosije;fojseon
24:diojs;oeijf;eoij	niwoqplsioeijgodhjsfh
22:soidfjpojc;oijfeoj	jids;jfojs;oejociiedkjsen
20:dicoesljc;lio;	docooekswhekowodkjoueso,
18:sdfjeiojcl;jfseio	do;ckllwieucjdosoeidkoqlwp
16:osdjfosidj;oj	jdistjocjoewpaoeldowkdcuden
14:sdfijsoej;oj	ojdo;jfoosjdiej;asidjsldkfjo
12:;jsdifjsidfiosejoj;l	ocjf;aoeij;ocjohe;oj;oej
10:sidofejopsijdojj	o;djo;cjfje;ohjot;he;jjc;ojeo
8:s;djsioejck,,;l	iojc;ofje;ojfejw;oijdojfoj;oh
6:j;lkdjfiosdj	c;osjfo;djc;ojeimfoi;ejovijeotnoij
4:sldfjisdjeijo;	odjf;aodjc;jeo;jw;ejs;ofjjco;cjoeij
2:'ciovmsaeniocl	ds;fofjsdo;fjas;m;cojco;fj3;orje;ojo
0:s;ldfsdfsdfh;klj	:ADSjfo;iaje;afisje;ojeojoje;feoj;o

NumNodesLeft 0
numNodesRight 30
numNodes
31

numLeaves
1
deepest level value
60:d;jcvo;jdof;aejo	;doijfehiehfpwjfe;wjdh
Number of parents with only one child
30
