printInOrder
100
102
107
116
117
123
127
130
133
134
136
138
139
140
141
142
147
150
151
153
156
157
159
161
165
169
170
171
173
179
187
193
195
196
208
212
218
222
223
224
226
236
237
238
239
240
245
247
248
253
254
256
257
261
264
266
271
272
273
274
276
277
281
283
284
286
291
294
296
299
304
308
313
320
327
328
332
334
336
337
340
342
345
349
350
355
359
362
366
369
372
373
374
379
380
382
387
388
391
392
394
395
402
403
405
406
408
410
412
418
421
426
427
428
431
433
435
436
441
447
448
450
452
453
457
459
464
468
471
474
485
488
491
492
495
498
500
505
506
508
511
512
520
524
529
530
531
541
544
546

printPreOrder
141
117
116
107
100
102
134
123
130
127
133
136
140
139
138
500
369
328
208
161
147
142
150
151
156
153
157
159
195
169
165
179
170
173
171
193
187
196
264
253
226
212
223
218
222
224
240
237
236
239
238
248
247
245
256
254
261
257
277
273
266
272
271
276
274
304
299
283
281
294
286
284
291
296
308
327
313
320
345
342
332
337
334
336
340
366
362
359
355
350
349
405
395
392
388
372
379
373
374
382
380
387
391
394
402
403
431
427
421
406
412
408
410
418
426
428
468
453
447
435
433
441
436
452
450
448
457
464
459
471
485
474
492
488
491
498
495
524
512
511
506
505
508
520
541
529
531
530
544
546

printPostOrder
102
100
107
116
127
133
130
123
138
139
140
136
134
117
142
153
159
157
156
151
150
147
165
171
173
170
187
193
179
169
196
195
161
222
218
224
223
212
236
238
239
237
245
247
248
240
226
254
257
261
256
253
271
272
266
274
276
273
281
284
291
286
296
294
283
299
320
313
327
308
304
277
264
208
336
334
340
337
332
342
349
350
355
359
362
366
345
328
374
373
380
387
382
379
372
391
388
394
392
403
402
395
410
408
418
412
406
426
421
428
427
433
436
441
435
448
450
452
447
459
464
457
453
474
491
488
495
498
492
485
471
468
431
405
369
505
508
506
511
520
512
530
531
529
546
544
541
524
500
141

numNodes
150

sumNodes
48112
numLeaves
50
deepest level value
546
Number of parents with only one child
51
SubTree of node value 299 
281
283
284
286
291
294
296
299

Right subtree of node with value of 253 in postOrder.
254
257
261
256

NumNodesLeft 14
numNodesRight 135
Removing values: 141 117 134 500 512 405 431 161 342 304 402 332 421 212 511 223 240 142 140 170 150 151 123 116 531 441 130 171 520 412 340 261 450 350 224 107 403 133 222 530 313 100 410 102 320 153 After deleting all values with a digit sum less than ten there are 104 remaining.
127
136
138
139
147
156
157
159
165
169
173
179
187
193
195
196
208
218
226
236
237
238
239
245
247
248
253
254
256
257
264
266
271
272
273
274
276
277
281
283
284
286
291
294
296
299
308
327
328
334
336
337
345
349
355
359
362
366
369
372
373
374
379
380
382
387
388
391
392
394
395
406
408
418
426
427
428
433
435
436
447
448
452
453
457
459
464
468
471
474
485
488
491
492
495
498
505
506
508
524
529
541
544
546

