
Fill array with 10 
10, 10, 10, 10, 10, 10, 10, 10, 10, 10, 10, 10, 10, 10, 10, 10, 10, 10, 10, 10


Add 1 to first 10 elements 
11, 11, 11, 11, 11, 11, 11, 11, 11, 11, 10, 10, 10, 10, 10, 10, 10, 10, 10, 10

tp = s
1 2 3 4 5 6 7 8 9 10 11 12 13 14 15 16 17 18 19 20 
Fill array with 1 to 20 
1, 2, 3, 4, 5, 6, 7, 8, 9, 10, 11, 12, 13, 14, 15, 16, 17, 18, 19, 20


Print reverse order 
20, 19, 18, 17, 16, 15, 14, 13, 12, 11, 10, 9, 8, 7, 6, 5, 4, 3, 2, 1


Zero out array 
0, 0, 0, 0, 0, 0, 0, 0, 0, 0, 0, 0, 0, 0, 0, 0, 0, 0, 0, 0


Fill array with ???? 
20, 19, 18, 17, 16, 15, 14, 13, 12, 11, 10, 9, 8, 7, 6, 5, 4, 3, 2, 1


 Do we have an 8 in the array?
  There is an 8 in the array 

Print reverse order 
1, 2, 3, 4, 5, 6, 7, 8, 9, 10, 11, 12, 13, 14, 15, 16, 17, 18, 19, 20


Fill array with <-> 
30, 27, 24, 21, 18, 15, 12, 9, 6, 3, 0, 2, 4, 6, 8, 10, 12, 14, 16, 18


 Do we have a 20 in the array?
  There is a 20 in the array 

Min for previous table 
Max for previous table 
Average for previous table 7.25
