Time 10:	Line: First Class
0 customers in line.
Customer service rep is helping a Economy Class customer 

Time 10:	Line: Business Class
0 customers in line.
Customer service rep is helping a Economy Class customer 

Time 10:	Line: Economy Class
0 customers in line.
Customer service rep is helping a Economy Class customer 

Time 20:	Line: First Class
0 customers in line.
Customer service rep is helping a Economy Class customer 

Time 20:	Line: Business Class
0 customers in line.
Customer service rep is helping a Business Class customer 

Time 20:	Line: Economy Class
0 customers in line.
Customer service rep is helping a Economy Class customer 

Time 30:	Line: First Class
1 customers in line.
Customer service rep is helping a Economy Class customer 

Time 30:	Line: Business Class
1 customers in line.
Customer service rep is helping a Economy Class customer 

Time 30:	Line: Economy Class
1 customers in line.
Customer service rep is not helping anyone.

Time 40:	Line: First Class
0 customers in line.
Customer service rep is helping a Economy Class customer 

Time 40:	Line: Business Class
0 customers in line.
Customer service rep is helping a Economy Class customer 

Time 40:	Line: Economy Class
0 customers in line.
Customer service rep is helping a Economy Class customer 

Time 50:	Line: First Class
0 customers in line.
Customer service rep is helping a Economy Class customer 

Time 50:	Line: Business Class
0 customers in line.
Customer service rep is helping a Business Class customer 

Time 50:	Line: Economy Class
0 customers in line.
Customer service rep is helping a Economy Class customer 

Time 60:	Line: First Class
1 customers in line.
Customer service rep is not helping anyone.

Time 60:	Line: Business Class
1 customers in line.
Customer service rep is not helping anyone.

Time 60:	Line: Economy Class
1 customers in line.
Customer service rep is helping a Economy Class customer 

Time 70:	Line: First Class
0 customers in line.
Customer service rep is helping a Economy Class customer 

Time 70:	Line: Business Class
0 customers in line.
Customer service rep is helping a Economy Class customer 

Time 70:	Line: Economy Class
0 customers in line.
Customer service rep is helping a Economy Class customer 

Time 80:	Line: First Class
0 customers in line.
Customer service rep is helping a Economy Class customer 

Time 80:	Line: Business Class
0 customers in line.
Customer service rep is helping a Business Class customer 

Time 80:	Line: Economy Class
0 customers in line.
Customer service rep is helping a Economy Class customer 

Time 90:	Line: First Class
1 customers in line.
Customer service rep is helping a Economy Class customer 

Time 90:	Line: Business Class
1 customers in line.
Customer service rep is helping a Economy Class customer 

Time 90:	Line: Economy Class
1 customers in line.
Customer service rep is not helping anyone.

Time 100:	Line: First Class
0 customers in line.
Customer service rep is helping a Economy Class customer 

Time 100:	Line: Business Class
0 customers in line.
Customer service rep is helping a Business Class customer 

Time 100:	Line: Economy Class
1 customers in line.
Customer service rep is helping a Economy Class customer 

Time 110:	Line: First Class
0 customers in line.
Customer service rep is helping a Business Class customer 

Time 110:	Line: Business Class
0 customers in line.
Customer service rep is helping a Economy Class customer 

Time 110:	Line: Economy Class
1 customers in line.
Customer service rep is helping a Economy Class customer 

Time 120:	Line: First Class
1 customers in line.
Customer service rep is helping a Economy Class customer 

Time 120:	Line: Business Class
1 customers in line.
Customer service rep is helping a Economy Class customer 

Time 120:	Line: Economy Class
1 customers in line.
Customer service rep is not helping anyone.

Time 130:	Line: First Class
0 customers in line.
Customer service rep is helping a First Class customer 

Time 130:	Line: Business Class
0 customers in line.
Customer service rep is helping a Economy Class customer 

Time 130:	Line: Economy Class
1 customers in line.
Customer service rep is helping a Economy Class customer 

Time 140:	Line: First Class
0 customers in line.
Customer service rep is helping a Economy Class customer 

Time 140:	Line: Business Class
0 customers in line.
Customer service rep is helping a Business Class customer 

Time 140:	Line: Economy Class
1 customers in line.
Customer service rep is helping a Economy Class customer 

Time 150:	Line: First Class
1 customers in line.
Customer service rep is helping a Economy Class customer 

Time 150:	Line: Business Class
1 customers in line.
Customer service rep is helping a Economy Class customer 

Time 150:	Line: Economy Class
1 customers in line.
Customer service rep is helping a Economy Class customer 

Time 160:	Line: First Class
0 customers in line.
Customer service rep is helping a Economy Class customer 

Time 160:	Line: Business Class
0 customers in line.
Customer service rep is helping a Economy Class customer 

Time 160:	Line: Economy Class
1 customers in line.
Customer service rep is helping a Economy Class customer 

Time 170:	Line: First Class
0 customers in line.
Customer service rep is helping a Economy Class customer 

Time 170:	Line: Business Class
0 customers in line.
Customer service rep is helping a Business Class customer 

Time 170:	Line: Economy Class
0 customers in line.
Customer service rep is helping a Economy Class customer 

Time 180:	Line: First Class
1 customers in line.
Customer service rep is not helping anyone.

Time 180:	Line: Business Class
1 customers in line.
Customer service rep is helping a Economy Class customer 

Time 180:	Line: Economy Class
1 customers in line.
Customer service rep is not helping anyone.

Time 190:	Line: First Class
0 customers in line.
Customer service rep is helping a Economy Class customer 

Time 190:	Line: Business Class
0 customers in line.
Customer service rep is helping a Business Class customer 

Time 190:	Line: Economy Class
1 customers in line.
Customer service rep is helping a Economy Class customer 

Time 200:	Line: First Class
0 customers in line.
Customer service rep is helping a Economy Class customer 

Time 200:	Line: Business Class
0 customers in line.
Customer service rep is helping a Business Class customer 

Time 200:	Line: Economy Class
0 customers in line.
Customer service rep is helping a Economy Class customer 

Time 210:	Line: First Class
1 customers in line.
Customer service rep is not helping anyone.

Time 210:	Line: Business Class
1 customers in line.
Customer service rep is helping a Economy Class customer 

Time 210:	Line: Economy Class
1 customers in line.
Customer service rep is helping a Economy Class customer 

Time 220:	Line: First Class
0 customers in line.
Customer service rep is helping a Economy Class customer 

Time 220:	Line: Business Class
0 customers in line.
Customer service rep is helping a Economy Class customer 

Time 220:	Line: Economy Class
0 customers in line.
Customer service rep is helping a Economy Class customer 

Time 230:	Line: First Class
0 customers in line.
Customer service rep is helping a Economy Class customer 

Time 230:	Line: Business Class
0 customers in line.
Customer service rep is helping a Business Class customer 

Time 230:	Line: Economy Class
0 customers in line.
Customer service rep is helping a Economy Class customer 

Time 240:	Line: First Class
1 customers in line.
Customer service rep is not helping anyone.

Time 240:	Line: Business Class
1 customers in line.
Customer service rep is helping a Economy Class customer 

Time 240:	Line: Economy Class
1 customers in line.
Customer service rep is helping a Economy Class customer 

Time 250:	Line: First Class
0 customers in line.
Customer service rep is helping a Economy Class customer 

Time 250:	Line: Business Class
0 customers in line.
Customer service rep is helping a Economy Class customer 

Time 250:	Line: Economy Class
1 customers in line.
Customer service rep is helping a Economy Class customer 

Time 260:	Line: First Class
0 customers in line.
Customer service rep is helping a Economy Class customer 

Time 260:	Line: Business Class
0 customers in line.
Customer service rep is helping a Business Class customer 

Time 260:	Line: Economy Class
1 customers in line.
Customer service rep is helping a Economy Class customer 

Time 270:	Line: First Class
1 customers in line.
Customer service rep is not helping anyone.

Time 270:	Line: Business Class
1 customers in line.
Customer service rep is not helping anyone.

Time 270:	Line: Economy Class
1 customers in line.
Customer service rep is helping a Economy Class customer 

Time 280:	Line: First Class
0 customers in line.
Customer service rep is helping a Economy Class customer 

Time 280:	Line: Business Class
0 customers in line.
Customer service rep is helping a Economy Class customer 

Time 280:	Line: Economy Class
0 customers in line.
Customer service rep is helping a Economy Class customer 

Time 290:	Line: First Class
0 customers in line.
Customer service rep is helping a Economy Class customer 

Time 290:	Line: Business Class
0 customers in line.
Customer service rep is helping a Business Class customer 

Time 290:	Line: Economy Class
0 customers in line.
Customer service rep is helping a Economy Class customer 

Time 300:	Line: First Class
1 customers in line.
Customer service rep is helping a Economy Class customer 

Time 300:	Line: Business Class
1 customers in line.
Customer service rep is helping a Economy Class customer 

Time 300:	Line: Economy Class
1 customers in line.
Customer service rep is helping a Economy Class customer 

Time 310:	Line: First Class
0 customers in line.
Customer service rep is helping a Economy Class customer 

Time 310:	Line: Business Class
0 customers in line.
Customer service rep is helping a Business Class customer 

Time 310:	Line: Economy Class
2 customers in line.
Customer service rep is helping a Economy Class customer 

Time 320:	Line: First Class
0 customers in line.
Customer service rep is helping a Business Class customer 

Time 320:	Line: Business Class
0 customers in line.
Customer service rep is helping a Economy Class customer 

Time 320:	Line: Economy Class
1 customers in line.
Customer service rep is helping a Economy Class customer 

Time 330:	Line: First Class
1 customers in line.
Customer service rep is helping a Economy Class customer 

Time 330:	Line: Business Class
1 customers in line.
Customer service rep is helping a Economy Class customer 

Time 330:	Line: Economy Class
1 customers in line.
Customer service rep is helping a Economy Class customer 

Time 340:	Line: First Class
0 customers in line.
Customer service rep is helping a First Class customer 

Time 340:	Line: Business Class
0 customers in line.
Customer service rep is helping a Business Class customer 

Time 340:	Line: Economy Class
2 customers in line.
Customer service rep is helping a Economy Class customer 

Time 350:	Line: First Class
0 customers in line.
Customer service rep is helping a Economy Class customer 

Time 350:	Line: Business Class
0 customers in line.
Customer service rep is helping a Business Class customer 

Time 350:	Line: Economy Class
1 customers in line.
Customer service rep is helping a Economy Class customer 

Time 360:	Line: First Class
1 customers in line.
Customer service rep is helping a Economy Class customer 

Time 360:	Line: Business Class
1 customers in line.
Customer service rep is not helping anyone.

Time 360:	Line: Economy Class
1 customers in line.
Customer service rep is helping a Economy Class customer 

Time 370:	Line: First Class
0 customers in line.
Customer service rep is helping a Economy Class customer 

Time 370:	Line: Business Class
0 customers in line.
Customer service rep is helping a Economy Class customer 

Time 370:	Line: Economy Class
1 customers in line.
Customer service rep is helping a Economy Class customer 

Time 380:	Line: First Class
0 customers in line.
Customer service rep is helping a Business Class customer 

Time 380:	Line: Business Class
0 customers in line.
Customer service rep is helping a Economy Class customer 

Time 380:	Line: Economy Class
0 customers in line.
Customer service rep is helping a Economy Class customer 

Time 390:	Line: First Class
1 customers in line.
Customer service rep is not helping anyone.

Time 390:	Line: Business Class
1 customers in line.
Customer service rep is not helping anyone.

Time 390:	Line: Economy Class
1 customers in line.
Customer service rep is helping a Economy Class customer 

Time 400:	Line: First Class
0 customers in line.
Customer service rep is helping a Economy Class customer 

Time 400:	Line: Business Class
0 customers in line.
Customer service rep is helping a Economy Class customer 

Time 400:	Line: Economy Class
1 customers in line.
Customer service rep is helping a Economy Class customer 

Time 410:	Line: First Class
0 customers in line.
Customer service rep is helping a Business Class customer 

Time 410:	Line: Business Class
0 customers in line.
Customer service rep is helping a Economy Class customer 

Time 410:	Line: Economy Class
1 customers in line.
Customer service rep is helping a Economy Class customer 

Time 420:	Line: First Class
1 customers in line.
Customer service rep is not helping anyone.

Time 420:	Line: Business Class
1 customers in line.
Customer service rep is helping a Economy Class customer 

Time 420:	Line: Economy Class
1 customers in line.
Customer service rep is helping a Economy Class customer 

Time 430:	Line: First Class
0 customers in line.
Customer service rep is helping a Economy Class customer 

Time 430:	Line: Business Class
0 customers in line.
Customer service rep is helping a Business Class customer 

Time 430:	Line: Economy Class
1 customers in line.
Customer service rep is helping a Economy Class customer 

Time 440:	Line: First Class
0 customers in line.
Customer service rep is helping a Business Class customer 

Time 440:	Line: Business Class
0 customers in line.
Customer service rep is helping a Economy Class customer 

Time 440:	Line: Economy Class
0 customers in line.
Customer service rep is helping a Economy Class customer 

Time 450:	Line: First Class
1 customers in line.
Customer service rep is helping a Economy Class customer 

Time 450:	Line: Business Class
1 customers in line.
Customer service rep is not helping anyone.

Time 450:	Line: Economy Class
1 customers in line.
Customer service rep is helping a Economy Class customer 

Time 460:	Line: First Class
0 customers in line.
Customer service rep is not helping anyone.

Time 460:	Line: Business Class
0 customers in line.
Customer service rep is helping a Economy Class customer 

Time 460:	Line: Economy Class
1 customers in line.
Customer service rep is helping a Economy Class customer 

Time 470:	Line: First Class
0 customers in line.
Customer service rep is helping a Business Class customer 

Time 470:	Line: Business Class
0 customers in line.
Customer service rep is helping a Economy Class customer 

Time 470:	Line: Economy Class
1 customers in line.
Customer service rep is helping a Economy Class customer 

Time 480:	Line: First Class
1 customers in line.
Customer service rep is not helping anyone.

Time 480:	Line: Business Class
1 customers in line.
Customer service rep is helping a Economy Class customer 

Time 480:	Line: Economy Class
1 customers in line.
Customer service rep is helping a Economy Class customer 

Time 490:	Line: First Class
0 customers in line.
Customer service rep is not helping anyone.

Time 490:	Line: Business Class
0 customers in line.
Customer service rep is helping a Economy Class customer 

Time 490:	Line: Economy Class
1 customers in line.
Customer service rep is helping a Economy Class customer 

Time 500:	Line: First Class
0 customers in line.
Customer service rep is helping a Economy Class customer 

Time 500:	Line: Business Class
1 customers in line.
Customer service rep is helping a Economy Class customer 

Time 500:	Line: Economy Class
1 customers in line.
Customer service rep is helping a Economy Class customer 

Time 510:	Line: First Class
1 customers in line.
Customer service rep is helping a Economy Class customer 

Time 510:	Line: Business Class
1 customers in line.
Customer service rep is helping a Economy Class customer 

Time 510:	Line: Economy Class
1 customers in line.
Customer service rep is not helping anyone.

Time 520:	Line: First Class
0 customers in line.
Customer service rep is helping a Economy Class customer 

Time 520:	Line: Business Class
0 customers in line.
Customer service rep is helping a Business Class customer 

Time 520:	Line: Economy Class
1 customers in line.
Customer service rep is helping a Economy Class customer 

Time 530:	Line: First Class
0 customers in line.
Customer service rep is helping a Business Class customer 

Time 530:	Line: Business Class
0 customers in line.
Customer service rep is helping a Economy Class customer 

Time 530:	Line: Economy Class
0 customers in line.
Customer service rep is helping a Economy Class customer 

Time 540:	Line: First Class
1 customers in line.
Customer service rep is not helping anyone.

Time 540:	Line: Business Class
1 customers in line.
Customer service rep is helping a Economy Class customer 

Time 540:	Line: Economy Class
1 customers in line.
Customer service rep is helping a Economy Class customer 

Time 550:	Line: First Class
0 customers in line.
Customer service rep is helping a Economy Class customer 

Time 550:	Line: Business Class
0 customers in line.
Customer service rep is helping a Economy Class customer 

Time 550:	Line: Economy Class
1 customers in line.
Customer service rep is helping a Economy Class customer 

Time 560:	Line: First Class
0 customers in line.
Customer service rep is helping a Economy Class customer 

Time 560:	Line: Business Class
0 customers in line.
Customer service rep is helping a Business Class customer 

Time 560:	Line: Economy Class
0 customers in line.
Customer service rep is helping a Economy Class customer 

Time 570:	Line: First Class
1 customers in line.
Customer service rep is not helping anyone.

Time 570:	Line: Business Class
1 customers in line.
Customer service rep is helping a Economy Class customer 

Time 570:	Line: Economy Class
1 customers in line.
Customer service rep is not helping anyone.

Time 580:	Line: First Class
0 customers in line.
Customer service rep is helping a Economy Class customer 

Time 580:	Line: Business Class
0 customers in line.
Customer service rep is helping a Economy Class customer 

Time 580:	Line: Economy Class
0 customers in line.
Customer service rep is helping a Economy Class customer 

Time 590:	Line: First Class
0 customers in line.
Customer service rep is helping a Economy Class customer 

Time 590:	Line: Business Class
0 customers in line.
Customer service rep is helping a Business Class customer 

Time 590:	Line: Economy Class
0 customers in line.
Customer service rep is helping a Economy Class customer 

Time 600:	Line: First Class
1 customers in line.
Customer service rep is not helping anyone.

Time 600:	Line: Business Class
1 customers in line.
Customer service rep is helping a Economy Class customer 

Time 600:	Line: Economy Class
1 customers in line.
Customer service rep is helping a Economy Class customer 

Time 610:	Line: First Class
0 customers in line.
Customer service rep is helping a First Class customer 

Time 610:	Line: Business Class
0 customers in line.
Customer service rep is helping a Business Class customer 

Time 610:	Line: Economy Class
2 customers in line.
Customer service rep is helping a Economy Class customer 

Time 620:	Line: First Class
0 customers in line.
Customer service rep is helping a Business Class customer 

Time 620:	Line: Business Class
0 customers in line.
Customer service rep is helping a Economy Class customer 

Time 620:	Line: Economy Class
1 customers in line.
Customer service rep is helping a Economy Class customer 

Time 630:	Line: First Class
1 customers in line.
Customer service rep is not helping anyone.

Time 630:	Line: Business Class
1 customers in line.
Customer service rep is helping a Economy Class customer 

Time 630:	Line: Economy Class
1 customers in line.
Customer service rep is helping a Economy Class customer 

Time 640:	Line: First Class
0 customers in line.
Customer service rep is helping a Economy Class customer 

Time 640:	Line: Business Class
0 customers in line.
Customer service rep is helping a Business Class customer 

Time 640:	Line: Economy Class
1 customers in line.
Customer service rep is helping a Economy Class customer 

Time 650:	Line: First Class
0 customers in line.
Customer service rep is helping a Business Class customer 

Time 650:	Line: Business Class
0 customers in line.
Customer service rep is helping a Economy Class customer 

Time 650:	Line: Economy Class
1 customers in line.
Customer service rep is helping a Economy Class customer 

Time 660:	Line: First Class
1 customers in line.
Customer service rep is not helping anyone.

Time 660:	Line: Business Class
1 customers in line.
Customer service rep is helping a Economy Class customer 

Time 660:	Line: Economy Class
1 customers in line.
Customer service rep is helping a Economy Class customer 

Time 670:	Line: First Class
0 customers in line.
Customer service rep is helping a Economy Class customer 

Time 670:	Line: Business Class
0 customers in line.
Customer service rep is helping a Business Class customer 

Time 670:	Line: Economy Class
1 customers in line.
Customer service rep is helping a Economy Class customer 

Time 680:	Line: First Class
0 customers in line.
Customer service rep is helping a Business Class customer 

Time 680:	Line: Business Class
0 customers in line.
Customer service rep is helping a Economy Class customer 

Time 680:	Line: Economy Class
0 customers in line.
Customer service rep is helping a Economy Class customer 

Time 690:	Line: First Class
1 customers in line.
Customer service rep is not helping anyone.

Time 690:	Line: Business Class
1 customers in line.
Customer service rep is helping a Economy Class customer 

Time 690:	Line: Economy Class
1 customers in line.
Customer service rep is not helping anyone.

Time 700:	Line: First Class
0 customers in line.
Customer service rep is helping a Economy Class customer 

Time 700:	Line: Business Class
0 customers in line.
Customer service rep is helping a Business Class customer 

Time 700:	Line: Economy Class
1 customers in line.
Customer service rep is helping a Economy Class customer 

Time 710:	Line: First Class
0 customers in line.
Customer service rep is helping a Business Class customer 

Time 710:	Line: Business Class
0 customers in line.
Customer service rep is helping a Economy Class customer 

Time 710:	Line: Economy Class
0 customers in line.
Customer service rep is helping a Economy Class customer 

Time 720:	Line: First Class
0 customers in line.
Customer service rep is not helping anyone.
Number helped: 23
Average wait time: 7
Average Line length: 0
Max Line length: 1


Time 720:	Line: Business Class
0 customers in line.
Customer service rep is not helping anyone.
Number helped: 47
Average wait time: 7
Average Line length: 0
Max Line length: 1


Time 720:	Line: Economy Class
0 customers in line.
Customer service rep is helping a Economy Class customer 
Number helped: 238
Average wait time: 7
Average Line length: 0
Max Line length: 3


