Bubble sorting array of size 55000

3957    40615   134579  199589  75532   78652   152331  75784   111545  69468   149358  26150   30415   2198    35013   138668  157688  88184   178069  45760   
175505  85753   59551   167977  42309   76060   50643   45764   35913   123914  3375    117179  172714  50679   194510  178630  94839   16084   131775  171087  
13907   110730  133746  47728   55106   165107  165608  136344  170044  102564  127587  

98866   98873   98876   98892   98893   98895   98903   98909   98911   98913   98915   98921   98932   98937   98940   98940   98942   98942   98945   98945   
98960   98961   98966   98967   98967   98967   98967   98969   98971   98975   98976   98981   98981   98983   98985   98987   98988   98990   98991   98994   
98999   99001   99004   99004   99010   99010   99012   99016   99019   99019   99023   
Selection sorting array of size 55000

98866   98873   98876   98892   98893   98895   98903   98909   98911   98913   98915   98921   98932   98937   98940   98940   98942   98942   98945   98945   
98960   98961   98966   98967   98967   98967   98967   98969   98971   98975   98976   98981   98981   98983   98985   98987   98988   98990   98991   98994   
98999   99001   99004   99004   99010   99010   99012   99016   99019   99019   99023   

98866   98873   98876   98892   98893   98895   98903   98909   98911   98913   98915   98921   98932   98937   98940   98940   98942   98942   98945   98945   
98960   98961   98966   98967   98967   98967   98967   98969   98971   98975   98976   98981   98981   98983   98985   98987   98988   98990   98991   98994   
98999   99001   99004   99004   99010   99010   99012   99016   99019   99019   99023   

98866   98873   98876   98892   98893   98895   98903   98909   98911   98913   98915   98921   98932   98937   98940   98940   98942   98942   98945   98945   
98960   98961   98966   98967   98967   98967   98967   98969   98971   98975   98976   98981   98981   98983   98985   98987   98988   98990   98991   98994   
98999   99001   99004   99004   99010   99010   99012   99016   99019   99019   99023   
Linear Searched unsorted arry for 29294
The value should have been found at index 47962 and was found at index 47962 after 47963 probes to the array.

Binary searched sorted arry for 29294
and it was found at index 8113 after 16 probes to the array.

Interpolation searched sorted arry for 29294
and it was found at index 8113 after 3 probes to the array.

